<?xml version="1.0" encoding="UTF-8"?>
<!-- Generated by org.testng.reporters.JUnitXMLReporter -->
<testsuite hostname="USBLRSPARALAPA1" name="Testing Firefox Parameterization" tests="1" failures="1" timestamp="19 Nov 2021 14:10:42 GMT" time="27.212" errors="0">
  <testcase name="maintest" time="0.108" classname="cpsat.mock.practice.MockExam2_Question3">
    <failure type="org.openqa.selenium.ElementClickInterceptedException" message="Element &amp;lt;a href=&amp;quot;https://mockexam2cpsat.agiletestingalliance.org/about/&amp;quot;&amp;gt; is not clickable at point (1102,30) because another element &amp;lt;div id=&amp;quot;elementor-popup-modal-366&amp;quot; class=&amp;quot;dialog-widget dialog-lightbox-widget dialog-type-buttons dialog-type-lightbox elementor-popup-modal&amp;quot;&amp;gt; obscures it
Build info: version: &amp;apos;3.141.59&amp;apos;, revision: &amp;apos;e82be7d358&amp;apos;, time: &amp;apos;2018-11-14T08:25:53&amp;apos;
System info: host: &amp;apos;USBLRSPARALAPA1&amp;apos;, ip: &amp;apos;192.168.29.8&amp;apos;, os.name: &amp;apos;Windows 10&amp;apos;, os.arch: &amp;apos;amd64&amp;apos;, os.version: &amp;apos;10.0&amp;apos;, java.version: &amp;apos;1.8.0_191&amp;apos;
Driver info: org.openqa.selenium.firefox.FirefoxDriver
Capabilities {acceptInsecureCerts: true, browserName: firefox, browserVersion: 94.0, javascriptEnabled: true, moz:accessibilityChecks: false, moz:buildID: 20211017185800, moz:geckodriverVersion: 0.29.1, moz:headless: false, moz:processID: 24240, moz:profile: C:\Users\sparalapalle\AppDa..., moz:shutdownTimeout: 60000, moz:useNonSpecCompliantPointerOrigin: false, moz:webdriverClick: true, pageLoadStrategy: normal, platform: WINDOWS, platformName: WINDOWS, platformVersion: 10.0, proxy: Proxy(), setWindowRect: true, strictFileInteractability: false, timeouts: {implicit: 0, pageLoad: 300000, script: 30000}, unhandledPromptBehavior: dismiss and notify}
Session ID: 46852f1b-21d7-4d8c-9530-8717a1d50c33">
      <![CDATA[org.openqa.selenium.ElementClickInterceptedException: Element <a href="https://mockexam2cpsat.agiletestingalliance.org/about/"> is not clickable at point (1102,30) because another element <div id="elementor-popup-modal-366" class="dialog-widget dialog-lightbox-widget dialog-type-buttons dialog-type-lightbox elementor-popup-modal"> obscures it
Build info: version: '3.141.59', revision: 'e82be7d358', time: '2018-11-14T08:25:53'
System info: host: 'USBLRSPARALAPA1', ip: '192.168.29.8', os.name: 'Windows 10', os.arch: 'amd64', os.version: '10.0', java.version: '1.8.0_191'
Driver info: org.openqa.selenium.firefox.FirefoxDriver
Capabilities {acceptInsecureCerts: true, browserName: firefox, browserVersion: 94.0, javascriptEnabled: true, moz:accessibilityChecks: false, moz:buildID: 20211017185800, moz:geckodriverVersion: 0.29.1, moz:headless: false, moz:processID: 24240, moz:profile: C:\Users\sparalapalle\AppDa..., moz:shutdownTimeout: 60000, moz:useNonSpecCompliantPointerOrigin: false, moz:webdriverClick: true, pageLoadStrategy: normal, platform: WINDOWS, platformName: WINDOWS, platformVersion: 10.0, proxy: Proxy(), setWindowRect: true, strictFileInteractability: false, timeouts: {implicit: 0, pageLoad: 300000, script: 30000}, unhandledPromptBehavior: dismiss and notify}
Session ID: 46852f1b-21d7-4d8c-9530-8717a1d50c33
	at org.openqa.selenium.remote.http.W3CHttpResponseCodec.createException(W3CHttpResponseCodec.java:187)
	at org.openqa.selenium.remote.http.W3CHttpResponseCodec.decode(W3CHttpResponseCodec.java:122)
	at org.openqa.selenium.remote.http.W3CHttpResponseCodec.decode(W3CHttpResponseCodec.java:49)
	at org.openqa.selenium.remote.HttpCommandExecutor.execute(HttpCommandExecutor.java:158)
	at org.openqa.selenium.remote.service.DriverCommandExecutor.execute(DriverCommandExecutor.java:83)
	at org.openqa.selenium.remote.RemoteWebDriver.execute(RemoteWebDriver.java:552)
	at org.openqa.selenium.remote.RemoteWebElement.execute(RemoteWebElement.java:285)
	at org.openqa.selenium.remote.RemoteWebElement.click(RemoteWebElement.java:84)
	at com.pageobjects.MockExam2_Question_PageObject.clickLink(MockExam2_Question_PageObject.java:19)
	at cpsat.mock.practice.MockExam2_Question3.maintest(MockExam2_Question3.java:22)
... Removed 28 stack frames]]>
    </failure>
  </testcase> <!-- maintest -->
</testsuite> <!-- Testing Firefox Parameterization -->
